CLI timeline: A3.2 …
CLI timeline: A4.4 …
CLI timeline: A6.2 …
CLI timeline: APP-A-organize …
CLI timeline: B1.3 …
CLI timeline: B2.4 …
CLI timeline: B3.4 …
CLI timeline: B5.2 …
CLI timeline: C1.4 …
CLI timeline: C3.1 …
CLI timeline: C4.3 …
CLI timeline: D1.2 …
CLI timeline: D2.1.2 …
CLI timeline: D3.2 …
CLI timeline: D4.3 …
CLI timeline: D5.3 …
CLI timeline: E1.5 …
CLI timeline: E2.4 …
CLI timeline: E4.2 …
CLI timeline: F1.2 …
CLI timeline: F1.8 …
CLI timeline: F3.2 …
CLI timeline: F5.2 …
CLI timeline: G1.1 …
CLI timeline: G2.4 …
  WARN: parse failed; narrative fallback
CLI timeline: G4.3 …
CLI timeline: G5.5 …
CLI timeline: H1.1 …
  WARN: parse failed; narrative fallback
CLI timeline: H2 …
CLI timeline: I1.2 …
CLI timeline: I3.1 …
CLI timeline: I5.1 …
CLI timeline: J1 …
CLI timeline: MASTER-A …
CLI timeline: MASTER-G …
CLI timeline: SEC-15-v2.14 …
CLI timeline: SEC-15-v2.20 …
CLI timeline: SEC-17-3 …
CLI batch complete: 38 done, 0 failed this run
