CLI timeline: A2.5 …
CLI timeline: A3.4 …
CLI timeline: A5.1 …
CLI timeline: APP-A-build …
CLI timeline: APP-A-verify …
CLI timeline: B1.5 …
CLI timeline: B2.6 …
CLI timeline: B4.2 …
CLI timeline: B5.4 …
CLI timeline: C2.2 …
CLI timeline: C3.3 …
CLI timeline: C5.1 …
CLI timeline: D1.4 …
CLI timeline: D2.1.4 …
CLI timeline: D3.4 …
  WARN: parse failed; narrative fallback
CLI timeline: D4.5 …
CLI timeline: D6.2 …
CLI timeline: E1.7 …
  WARN: parse failed; narrative fallback
CLI timeline: E3.1 …
CLI timeline: E5.1 …
CLI timeline: F1.4 …
CLI timeline: F2.2 …
CLI timeline: F3.4 …
CLI timeline: F6.1 …
  WARN: parse failed; narrative fallback
CLI timeline: G1.3 …
CLI timeline: G3.2 …
CLI timeline: G5.1 …
CLI timeline: G5.7 …
CLI timeline: H1.3 …
CLI timeline: H4 …
CLI timeline: I1.4 …
CLI timeline: I3.3 …
CLI timeline: INTRO-0 …
CLI timeline: J3 …
  WARN: parse failed; narrative fallback
CLI timeline: MASTER-C …
CLI timeline: MASTER-I …
CLI timeline: SEC-15-v2.16 …
CLI timeline: SEC-15-v2.22 …
CLI timeline: SEC-17-5 …
CLI batch complete: 39 done, 0 failed this run
