CLI timeline: A2.4 …
CLI timeline: A3.3 …
CLI timeline: A4.5 …
CLI timeline: A6.3 …
CLI timeline: APP-A-release …
CLI timeline: B1.4 …
CLI timeline: B2.5 …
CLI timeline: B4.1 …
CLI timeline: B5.3 …
CLI timeline: C2.1 …
CLI timeline: C3.2 …
CLI timeline: C4.4 …
CLI timeline: D1.3 …
  WARN: parse failed; narrative fallback
CLI timeline: D2.1.3 …
CLI timeline: D3.3 …
CLI timeline: D4.4 …
  WARN: parse failed; narrative fallback
CLI timeline: D6.1 …
CLI timeline: E1.6 …
  WARN: parse failed; narrative fallback
CLI timeline: E2.5 …
CLI timeline: E4.3 …
CLI timeline: F1.3 …
CLI timeline: F2.1 …
  WARN: parse failed; narrative fallback
CLI timeline: F3.3 …
CLI timeline: F5.3 …
CLI timeline: G1.2 …
  WARN: parse failed; narrative fallback
CLI timeline: G3.1 …
CLI timeline: G4.4 …
CLI timeline: G5.6 …
  WARN: parse failed; narrative fallback
CLI timeline: H1.2 …
CLI timeline: H3 …
CLI timeline: I1.3 …
  WARN: parse failed; narrative fallback
CLI timeline: I3.2 …
CLI timeline: I5.2 …
CLI timeline: J2 …
CLI timeline: MASTER-B …
CLI timeline: MASTER-H …
CLI timeline: SEC-15-v2.15 …
CLI timeline: SEC-15-v2.21 …
  WARN: parse failed; narrative fallback
CLI timeline: SEC-17-4 …
CLI batch complete: 39 done, 0 failed this run
