CLI timeline: A2.6 …
CLI timeline: A4.1 …
CLI timeline: A5.2 …
CLI timeline: APP-A-design …
CLI timeline: APP-B …
CLI timeline: B2.1 …
CLI timeline: B3.1 …
CLI timeline: B4.3 …
CLI timeline: C1.1 …
  WARN: parse failed; narrative fallback
CLI timeline: C2.3 …
CLI timeline: C3.4 …
CLI timeline: C5.2 …
CLI timeline: D1.5 …
CLI timeline: D2.2 …
CLI timeline: D3.5 …
CLI timeline: D4.6 …
CLI timeline: D6.3 …
CLI timeline: E2.1 …
CLI timeline: E3.2 …
CLI timeline: E5.2 …
CLI timeline: F1.5 …
CLI timeline: F2.3 …
CLI timeline: F4.1 …
CLI timeline: F6.2 …
CLI timeline: G2.1 …
CLI timeline: G3.3 …
CLI timeline: G5.2 …
CLI timeline: G6.1 …
CLI timeline: H1.4 …
CLI timeline: H5 …
CLI timeline: I2.1 …
  WARN: parse failed; narrative fallback
CLI timeline: I4.1 …
  WARN: parse failed; narrative fallback
CLI timeline: INTRO-1.1 …
CLI timeline: J4 …
CLI timeline: MASTER-D …
CLI timeline: MASTER-J …
CLI timeline: SEC-15-v2.17 …
CLI timeline: SEC-15-v2.23 …
CLI timeline: SEC-17-6 …
CLI batch complete: 39 done, 0 failed this run
