CLI timeline: A3.1 …
CLI timeline: A4.3 …
CLI timeline: A6.1 …
CLI timeline: APP-A-improve …
CLI timeline: B1.2 …
CLI timeline: B2.3 …
CLI timeline: B3.3 …
CLI timeline: B5.1 …
  WARN: parse failed; narrative fallback
CLI timeline: C1.3 …
CLI timeline: C2.5 …
CLI timeline: C4.2 …
CLI timeline: D1.1 …
CLI timeline: D2.1.1 …
CLI timeline: D3.1 …
CLI timeline: D4.2 …
CLI timeline: D5.2 …
CLI timeline: E1.1 …
  WARN: parse failed; narrative fallback
CLI timeline: E2.3 …
CLI timeline: E4.1 …
CLI timeline: F1.1 …
CLI timeline: F1.7 …
CLI timeline: F3.1 …
  WARN: parse failed; narrative fallback
CLI timeline: F5.1 …
CLI timeline: F6.4 …
CLI timeline: G2.3 …
CLI timeline: G4.2 …
CLI timeline: G5.4 …
  WARN: parse failed; narrative fallback
CLI timeline: G6.3 …
CLI timeline: H1.6 …
CLI timeline: I1.1 …
CLI timeline: I2.3 …
  WARN: parse failed; narrative fallback
CLI timeline: I4.3 …
  WARN: parse failed; narrative fallback
CLI timeline: INTRO-1.3 …
CLI timeline: J6 …
CLI timeline: MASTER-F …
  WARN: parse failed; narrative fallback
CLI timeline: SEC-14 …
CLI timeline: SEC-15-v2.19 …
CLI timeline: SEC-17-2 …
CLI batch complete: 38 done, 0 failed this run
