CLI timeline: A2.7 …
CLI timeline: A4.2 …
CLI timeline: A5.3 …
CLI timeline: APP-A-discover …
CLI timeline: B1.1 …
CLI timeline: B2.2 …
CLI timeline: B3.2 …
CLI timeline: B4.4 …
CLI timeline: C1.2 …
CLI timeline: C2.4 …
CLI timeline: C4.1 …
CLI timeline: C5.3 …
CLI timeline: D1.6 …
CLI timeline: D2.3 …
CLI timeline: D4.1 …
CLI timeline: D5.1 …
CLI timeline: D6.4 …
CLI timeline: E2.2 …
CLI timeline: E3.3 …
CLI timeline: E5.3 …
CLI timeline: F1.6 …
CLI timeline: F2.4 …
CLI timeline: F4.2 …
CLI timeline: F6.3 …
CLI timeline: G2.2 …
CLI timeline: G4.1 …
  WARN: parse failed; narrative fallback
CLI timeline: G5.3 …
CLI timeline: G6.2 …
CLI timeline: H1.5 …
CLI timeline: H6 …
CLI timeline: I2.2 …
CLI timeline: I4.2 …
CLI timeline: INTRO-1.2 …
  WARN: parse failed; narrative fallback
CLI timeline: J5 …
CLI timeline: MASTER-E …
  FAILED rc=124
CLI timeline: SEC-13 …
  WARN: parse failed; narrative fallback
CLI timeline: SEC-15-v2.18 …
  WARN: parse failed; narrative fallback
CLI timeline: SEC-17-1 …
CLI batch complete: 37 done, 1 failed this run
